<?xml version="1.0" encoding="utf-8"?><testsuites name="pytest tests"><testsuite name="pytest" errors="0" failures="0" skipped="0" tests="32" time="6.290" timestamp="2026-09-25T17:43:54.506921+00:00" hostname="agent-env-5a4e93bb-cfca-4ac1-8ea4-97248f304f43"><testcase classname="tests.test_api" name="test_health" time="0.285" /><testcase classname="tests.test_api" name="test_login_seeded_accounts" time="1.088" /><testcase classname="tests.test_api" name="test_login_bad_password" time="0.070" /><testcase classname="tests.test_api" name="test_auth_me" time="0.364" /><testcase classname="tests.test_api" name="test_onboarding_and_profile" time="0.152" /><testcase classname="tests.test_api" name="test_unauthenticated_endpoint" time="0.062" /><testcase classname="tests.test_api" name="test_saints_list" time="0.083" /><testcase classname="tests.test_api" name="test_saints_patron_only" time="0.085" /><testcase classname="tests.test_api" name="test_saint_by_id" time="0.138" /><testcase classname="tests.test_api" name="test_daily_get" time="0.069" /><testcase classname="tests.test_api" name="test_daily_complete_increments_streak" time="0.208" /><testcase classname="tests.test_api" name="test_light_candle_and_me" time="0.131" /><testcase classname="tests.test_api" name="test_candle_invalid_type" time="0.063" /><testcase classname="tests.test_api" name="test_community_candles" time="0.062" /><testcase classname="tests.test_api" name="test_intentions_create" time="0.074" /><testcase classname="tests.test_api" name="test_intentions_list_and_filter" time="0.133" /><testcase classname="tests.test_api" name="test_intentions_pray_idempotent" time="0.128" /><testcase classname="tests.test_api" name="test_masses" time="0.134" /><testcase classname="tests.test_api" name="test_mass_chat_flow" time="0.182" /><testcase classname="tests.test_api" name="test_causes_current_and_vote" time="0.345" /><testcase classname="tests.test_api" name="test_causes_history_transparency" time="0.141" /><testcase classname="tests.test_api" name="test_my_votes" time="0.071" /><testcase classname="tests.test_api" name="test_metrics_editor" time="0.069" /><testcase classname="tests.test_api" name="test_metrics_forbidden_for_user" time="0.061" /><testcase classname="tests.test_api" name="test_users_superadmin_only" time="0.196" /><testcase classname="tests.test_api" name="test_moderation_moderator" time="0.135" /><testcase classname="tests.test_api" name="test_moderation_forbidden_for_editor" time="0.070" /><testcase classname="tests.test_api" name="test_admin_content_editor" time="0.228" /><testcase classname="tests.test_api" name="test_admin_content_forbidden_for_moderator" time="0.062" /><testcase classname="tests.test_api" name="test_admin_push_any_staff" time="0.274" /><testcase classname="tests.test_api" name="test_moderation_flow_end_to_end" time="0.312" /><testcase classname="tests.test_api" name="test_logout" time="0.464" /></testsuite></testsuites>