<?xml version="1.0" encoding="utf-8"?><testsuites name="pytest tests"><testsuite name="pytest" errors="0" failures="0" skipped="0" tests="34" time="7.923" timestamp="2026-09-25T18:04:10.746293+00:00" hostname="agent-env-5a4e93bb-cfca-4ac1-8ea4-97248f304f43"><testcase classname="tests.test_api" name="test_health" time="0.371" /><testcase classname="tests.test_api" name="test_login_seeded_accounts" time="1.146" /><testcase classname="tests.test_api" name="test_login_bad_password" time="0.082" /><testcase classname="tests.test_api" name="test_auth_me" time="0.387" /><testcase classname="tests.test_api" name="test_onboarding_and_profile" time="0.159" /><testcase classname="tests.test_api" name="test_unauthenticated_endpoint" time="0.074" /><testcase classname="tests.test_api" name="test_saints_list" time="0.077" /><testcase classname="tests.test_api" name="test_saints_patron_only" time="0.087" /><testcase classname="tests.test_api" name="test_saint_by_id" time="0.166" /><testcase classname="tests.test_api" name="test_daily_get" time="0.077" /><testcase classname="tests.test_api" name="test_daily_complete_increments_streak" time="0.229" /><testcase classname="tests.test_api" name="test_light_candle_and_me" time="0.162" /><testcase classname="tests.test_api" name="test_candle_invalid_type" time="0.089" /><testcase classname="tests.test_api" name="test_community_candles" time="0.133" /><testcase classname="tests.test_api" name="test_intentions_create" time="0.110" /><testcase classname="tests.test_api" name="test_intentions_list_and_filter" time="0.228" /><testcase classname="tests.test_api" name="test_intentions_pray_idempotent" time="0.173" /><testcase classname="tests.test_api" name="test_masses" time="0.156" /><testcase classname="tests.test_api" name="test_mass_chat_flow" time="0.174" /><testcase classname="tests.test_api" name="test_causes_current_and_vote" time="0.422" /><testcase classname="tests.test_api" name="test_causes_history_transparency" time="0.143" /><testcase classname="tests.test_api" name="test_my_votes" time="0.075" /><testcase classname="tests.test_api" name="test_metrics_editor" time="0.079" /><testcase classname="tests.test_api" name="test_metrics_forbidden_for_user" time="0.069" /><testcase classname="tests.test_api" name="test_users_superadmin_only" time="0.230" /><testcase classname="tests.test_api" name="test_moderation_moderator" time="0.157" /><testcase classname="tests.test_api" name="test_moderation_forbidden_for_editor" time="0.079" /><testcase classname="tests.test_api" name="test_admin_content_editor" time="0.248" /><testcase classname="tests.test_api" name="test_admin_content_forbidden_for_moderator" time="0.121" /><testcase classname="tests.test_api" name="test_admin_push_any_staff" time="0.301" /><testcase classname="tests.test_api" name="test_moderation_flow_end_to_end" time="0.338" /><testcase classname="tests.test_api" name="test_iter4_default_moderation_words_seeded" time="0.089" /><testcase classname="tests.test_api" name="test_iter4_default_filter_flags_brujeria" time="0.532" /><testcase classname="tests.test_api" name="test_logout" time="0.612" /></testsuite></testsuites>